<?xml version="1.0" encoding="UTF-8"?>
<!-- Generated by org.testng.reporters.JUnitReportReporter -->
<testsuite skipped="0" hostname="DESKTOP-PHO6TBH" name="com.training.sanity.tests.AddNewCustomerTests" tests="1" failures="0" timestamp="2020-01-16T00:32:32 IST" time="37.736" errors="0">
  <testcase name="validLoginTest" time="37.736" classname="com.training.sanity.tests.AddNewCustomerTests"/>
</testsuite> <!-- com.training.sanity.tests.AddNewCustomerTests -->
