<?xml version="1.0" encoding="UTF-8"?>
<!-- Generated by org.testng.reporters.JUnitReportReporter -->
<testsuite skipped="0" hostname="DESKTOP-PHO6TBH" name="com.training.sanity.tests.AddNewCustomerTests" tests="1" failures="0" timestamp="2020-01-16T02:49:55 IST" time="97.765" errors="0">
  <testcase name="validLoginTest" time="97.765" classname="com.training.sanity.tests.AddNewCustomerTests"/>
</testsuite> <!-- com.training.sanity.tests.AddNewCustomerTests -->
