<?xml version="1.0" encoding="UTF-8"?>
<!-- Generated by org.testng.reporters.JUnitReportReporter -->
<testsuite skipped="0" hostname="DESKTOP-PHO6TBH" name="com.training.sanity.tests.LoginTests" tests="1" failures="0" timestamp="2020-01-16T00:45:17 IST" time="28.531" errors="0">
  <testcase name="validLoginTest" time="28.531" classname="com.training.sanity.tests.LoginTests"/>
</testsuite> <!-- com.training.sanity.tests.LoginTests -->
