<?xml version="1.0" encoding="UTF-8"?>
<!-- Generated by org.testng.reporters.JUnitReportReporter -->
<testsuite skipped="0" hostname="DESKTOP-PHO6TBH" name="com.training.sanity.tests.LoginTests" tests="1" failures="0" timestamp="2020-01-07T23:03:27 IST" time="23.070" errors="0">
  <testcase name="validLoginTest" time="23.070" classname="com.training.sanity.tests.LoginTests"/>
</testsuite> <!-- com.training.sanity.tests.LoginTests -->
